FT_New_Face 6 /Library/Fonts/AlBayan.ttc
FT_New_Face 6 /Library/Fonts/Webdings.ttf
FT_New_Face 6 /Library/Fonts/Rockwell.ttc
FT_New_Face 6 /Library/Fonts/Zapfino.ttf
FT_New_Face 6 /Library/Fonts/Trebuchet MS Italic.ttf
FT_New_Face 6 /Library/Fonts/Georgia.ttf
FT_New_Face 6 /Library/Fonts/Savoye LET.ttc
FT_New_Face 6 /Library/Fonts/PTSans.ttc
FT_New_Face 6 /Library/Fonts/Verdana Bold.ttf
FT_New_Face 6 /Library/Fonts/Bodoni 72 Smallcaps Book.ttf
FT_New_Face 6 /Library/Fonts/Times New Roman Bold Italic.ttf
FT_New_Face 6 /Library/Fonts/SukhumvitSet.ttc
FT_New_Face 6 /Library/Fonts/Silom.ttf
FT_New_Face 6 /Library/Fonts/Kefa.ttc
FT_New_Face 6 /Library/Fonts/Verdana Italic.ttf
FT_New_Face 6 /Library/Fonts/Nadeem.ttc
FT_New_Face 6 /Library/Fonts/KufiStandardGK.ttc
FT_New_Face 6 /Library/Fonts/Times New Roman Italic.ttf
FT_New_Face 6 /Library/Fonts/Bradley Hand Bold.ttf
FT_New_Face 6 /Library/Fonts/Arial Narrow Italic.ttf
FT_New_Face 6 /Library/Fonts/STIXGeneralItalic.otf
FT_New_Face 6 /Library/Fonts/Kannada Sangam MN.ttc
FT_New_Face 6 /Library/Fonts/Papyrus.ttc
FT_New_Face 6 /Library/Fonts/Seravek.ttc
FT_New_Face 6 /Library/Fonts/AppleGothic.ttf
FT_New_Face 6 /Library/Fonts/Iowan Old Style.ttc
FT_New_Face 6 /Library/Fonts/DIN Condensed Bold.ttf
FT_New_Face 6 /Library/Fonts/Kailasa.ttc
FT_New_Face 6 /Library/Fonts/Charter.ttc
FT_New_Face 6 /Library/Fonts/Farisi.ttf
FT_New_Face 6 /Library/Fonts/Arial Bold.ttf
FT_New_Face 6 /Library/Fonts/Trebuchet MS.ttf
FT_New_Face 6 /Library/Fonts/Mishafi.ttf
FT_New_Face 6 /Library/Fonts/Marion.ttc
FT_New_Face 6 /Library/Fonts/Trattatello.ttf
FT_New_Face 6 /Library/Fonts/Sinhala MN.ttc
FT_New_Face 6 /Library/Fonts/Corsiva.ttc
FT_New_Face 6 /Library/Fonts/BigCaslon.ttf
FT_New_Face 6 /Library/Fonts/Courier New Bold.ttf
FT_New_Face 2 /Library/Fonts/NISC18030.ttf
FT_New_Face 6 /Library/Fonts/Al Nile.ttc
FT_New_Face 6 /Library/Fonts/STIXIntUpSmReg.otf
FT_New_Face 6 /Library/Fonts/SuperClarendon.ttc
FT_New_Face 6 /Library/Fonts/Baghdad.ttc
FT_New_Face 6 /Library/Fonts/STIXGeneral.otf
FT_New_Face 6 /Library/Fonts/Athelas.ttc
FT_New_Face 6 /Library/Fonts/STIXIntUpDBol.otf
FT_New_Face 6 /Library/Fonts/AmericanTypewriter.ttc
FT_New_Face 6 /Library/Fonts/Lao Sangam MN.ttf
FT_New_Face 6 /Library/Fonts/Luminari.ttf
FT_New_Face 6 /Library/Fonts/STIXVar.otf
FT_New_Face 6 /Library/Fonts/Malayalam MN.ttc
FT_New_Face 6 /Library/Fonts/STIXSizOneSymBol.otf
FT_New_Face 6 /Library/Fonts/Muna.ttc
FT_New_Face 6 /Library/Fonts/Times New Roman.ttf
FT_New_Face 6 /Library/Fonts/Brush Script.ttf
FT_New_Face 6 /Library/Fonts/Bodoni 72 OS.ttc
FT_New_Face 6 /Library/Fonts/Myanmar MN.ttc
FT_New_Face 6 /Library/Fonts/Georgia Italic.ttf
FT_New_Face 6 /Library/Fonts/Courier New Italic.ttf
FT_New_Face 6 /Library/Fonts/Arial Unicode.ttf
FT_New_Face 6 /Library/Fonts/Telugu MN.ttc
FT_New_Face 6 /Library/Fonts/Myanmar Sangam MN.ttc
FT_New_Face 6 /Library/Fonts/Chalkduster.ttf
FT_New_Face 6 /Library/Fonts/STIXIntUpSmBol.otf
FT_New_Face 6 /Library/Fonts/STIXIntUpDReg.otf
FT_New_Face 6 /Library/Fonts/Devanagari Sangam MN.ttc
FT_New_Face 6 /Library/Fonts/Phosphate.ttc
FT_New_Face 6 /Library/Fonts/Apple Chancery.ttf
FT_New_Face 6 /Library/Fonts/AppleMyungjo.ttf
FT_New_Face 6 /Library/Fonts/STIXSizOneSymReg.otf
FT_New_Face 6 /Library/Fonts/Futura.ttc
FT_New_Face 6 /Library/Fonts/Copperplate.ttc
FT_New_Face 6 /Library/Fonts/PTMono.ttc
FT_New_Face 6 /Library/Fonts/Farah.ttc
FT_New_Face 6 /Library/Fonts/Arial Narrow Bold Italic.ttf
FT_New_Face 6 /Library/Fonts/Malayalam Sangam MN.ttc
FT_New_Face 6 /Library/Fonts/ChalkboardSE.ttc
FT_New_Face 6 /Library/Fonts/ITFDevanagari.ttc
FT_New_Face 6 /Library/Fonts/Bangla MN.ttc
FT_New_Face 6 /Library/Fonts/STIXNonUniBol.otf
FT_New_Face 6 /Library/Fonts/Arial Narrow.ttf
FT_New_Face 6 /Library/Fonts/Bangla Sangam MN.ttc
FT_New_Face 6 /Library/Fonts/Tamil MN.ttc
FT_New_Face 6 /Library/Fonts/Gurmukhi Sangam MN.ttc
FT_New_Face 6 /Library/Fonts/GujaratiMT.ttc
FT_New_Face 6 /Library/Fonts/Diwan Kufi.ttc
FT_New_Face 6 /Library/Fonts/Courier New.ttf
FT_New_Face 6 /Library/Fonts/Wingdings 3.ttf
FT_New_Face 6 /Library/Fonts/Wingdings 2.ttf
FT_New_Face 6 /Library/Fonts/Hoefler Text Ornaments.ttf
FT_New_Face 6 /Library/Fonts/Tamil Sangam MN.ttc
FT_New_Face 6 /Library/Fonts/Bodoni Ornaments.ttf
FT_New_Face 6 /Library/Fonts/Cochin.ttc
FT_New_Face 6 /Library/Fonts/Skia.ttf
FT_New_Face 6 /Library/Fonts/Trebuchet MS Bold Italic.ttf
FT_New_Face 6 /Library/Fonts/DevanagariMT.ttc
FT_New_Face 6 /Library/Fonts/Kannada MN.ttc
FT_New_Face 6 /Library/Fonts/Beirut.ttc
FT_New_Face 6 /Library/Fonts/Impact.ttf
FT_New_Face 6 /Library/Fonts/Kokonor.ttf
FT_New_Face 6 /Library/Fonts/NewPeninimMT.ttc
FT_New_Face 6 /Library/Fonts/STIXIntUpBol.otf
FT_New_Face 6 /Library/Fonts/Gurmukhi MN.ttc
FT_New_Face 6 /Library/Fonts/STIXSizThreeSymBol.otf
FT_New_Face 6 /Library/Fonts/Tahoma Bold.ttf
FT_New_Face 6 /Library/Fonts/Arial.ttf
FT_New_Face 6 /Library/Fonts/Diwan Thuluth.ttf
FT_New_Face 6 /Library/Fonts/Ayuthaya.ttf
FT_New_Face 6 /Library/Fonts/STIXIntUpReg.otf
FT_New_Face 6 /Library/Fonts/Sinhala Sangam MN.ttc
FT_New_Face 6 /Library/Fonts/Khmer Sangam MN.ttf
FT_New_Face 6 /Library/Fonts/PTSerif.ttc
FT_New_Face 6 /Library/Fonts/STIXSizThreeSymReg.otf
FT_New_Face 6 /Library/Fonts/SnellRoundhand.ttc
FT_New_Face 6 /Library/Fonts/Chalkboard.ttc
FT_New_Face 6 /Library/Fonts/Bodoni 72.ttc
FT_New_Face 6 /Library/Fonts/STIXNonUni.otf
FT_New_Face 6 /Library/Fonts/Mshtakan.ttc
FT_New_Face 6 /Library/Fonts/Trebuchet MS Bold.ttf
FT_New_Face 6 /Library/Fonts/Lao MN.ttc
FT_New_Face 6 /Library/Fonts/Sana.ttc
FT_New_Face 6 /Library/Fonts/Arial Black.ttf
FT_New_Face 6 /Library/Fonts/Baskerville.ttc
FT_New_Face 6 /Library/Fonts/Courier New Bold Italic.ttf
FT_New_Face 6 /Library/Fonts/Comic Sans MS.ttf
FT_New_Face 6 /Library/Fonts/InaiMathi-MN.ttc
FT_New_Face 6 /Library/Fonts/Telugu Sangam MN.ttc
FT_New_Face 6 /Library/Fonts/Hoefler Text.ttc
FT_New_Face 6 /Library/Fonts/DIN Alternate Bold.ttf
FT_New_Face 6 /Library/Fonts/Wingdings.ttf
FT_New_Face 6 /Library/Fonts/Sathu.ttf
FT_New_Face 6 /Library/Fonts/Gujarati Sangam MN.ttc
FT_New_Face 6 /Library/Fonts/Arial Bold Italic.ttf
FT_New_Face 6 /Library/Fonts/STIXSizTwoSymBol.otf
FT_New_Face 6 /Library/Fonts/Tahoma.ttf
FT_New_Face 6 /Library/Fonts/EuphemiaCAS.ttc
FT_New_Face 6 /Library/Fonts/PlantagenetCherokee.ttf
FT_New_Face 6 /Library/Fonts/Didot.ttc
FT_New_Face 6 /Library/Fonts/Georgia Bold.ttf
FT_New_Face 6 /Library/Fonts/STIXIntSmReg.otf
FT_New_Face 6 /Library/Fonts/STIXNonUniIta.otf
FT_New_Face 6 /Library/Fonts/STIXSizFourSymReg.otf
FT_New_Face 6 /Library/Fonts/Verdana Bold Italic.ttf
FT_New_Face 6 /Library/Fonts/Microsoft Sans Serif.ttf
FT_New_Face 6 /Library/Fonts/Georgia Bold Italic.ttf
FT_New_Face 6 /Library/Fonts/Arial Rounded Bold.ttf
FT_New_Face 6 /Library/Fonts/Times New Roman Bold.ttf
FT_New_Face 6 /Library/Fonts/STIXSizTwoSymReg.otf
FT_New_Face 6 /Library/Fonts/Khmer MN.ttc
FT_New_Face 6 /Library/Fonts/STIXGeneralBolIta.otf
FT_New_Face 6 /Library/Fonts/Krungthep.ttf
FT_New_Face 6 /Library/Fonts/Oriya MN.ttc
FT_New_Face 6 /Library/Fonts/STIXSizFourSymBol.otf
FT_New_Face 6 /Library/Fonts/STIXIntSmBol.otf
FT_New_Face 6 /Library/Fonts/Gurmukhi.ttf
FT_New_Face 6 /Library/Fonts/Al Tarikh.ttc
FT_New_Face 6 /Library/Fonts/STIXNonUniBolIta.otf
FT_New_Face 6 /Library/Fonts/Raanana.ttc
FT_New_Face 6 /Library/Fonts/Andale Mono.ttf
FT_New_Face 6 /Library/Fonts/GillSans.ttc
FT_New_Face 6 /Library/Fonts/Mishafi Gold.ttf
FT_New_Face 6 /Library/Fonts/Herculanum.ttf
FT_New_Face 6 /Library/Fonts/Damascus.ttc
FT_New_Face 6 /Library/Fonts/Waseem.ttc
FT_New_Face 6 /Library/Fonts/STIXIntDReg.otf
FT_New_Face 6 /Library/Fonts/PTSerifCaption.ttc
FT_New_Face 6 /Library/Fonts/STIXVarBol.otf
FT_New_Face 6 /Library/Fonts/Comic Sans MS Bold.ttf
FT_New_Face 6 /Library/Fonts/STIXSizFiveSymReg.otf
FT_New_Face 6 /Library/Fonts/Arial Italic.ttf
FT_New_Face 6 /Library/Fonts/SignPainter.ttc
FT_New_Face 6 /Library/Fonts/Oriya Sangam MN.ttc
FT_New_Face 6 /Library/Fonts/STIXGeneralBol.otf
FT_New_Face 6 /Library/Fonts/Verdana.ttf
FT_New_Face 6 /Library/Fonts/Shree714.ttc
FT_New_Face 6 /Library/Fonts/STIXIntDBol.otf
FT_New_Face 6 /Library/Fonts/Songti.ttc
FT_New_Face 6 /Library/Fonts/DecoTypeNaskh.ttc
FT_New_Face 6 /Library/Fonts/Arial Narrow Bold.ttf
FT_New_Face 6 /Applications/CAJViewerMac.app/Contents/Resources/CAJFNT5B.ttf
FT_New_Face 6 /Applications/CAJViewerMac.app/Contents/Resources/CAJFNT4F.ttf
FT_New_Face 6 /Applications/CAJViewerMac.app/Contents/Resources/CAJFNT54.ttf
FT_New_Face 6 /Applications/CAJViewerMac.app/Contents/Resources/CAJFNT40.ttf
FT_New_Face 6 /Applications/CAJViewerMac.app/Contents/Resources/CAJFNT55.ttf
FT_New_Face 6 /Applications/CAJViewerMac.app/Contents/Resources/CAJFNT5C.ttf
FT_New_Face 6 /Applications/CAJViewerMac.app/Contents/Resources/CAJFNT69.ttf
FT_New_Face 6 /Applications/CAJViewerMac.app/Contents/Resources/CAJFNT4E.ttf
FT_New_Face 6 /Applications/CAJViewerMac.app/Contents/Resources/CAJFNT5A.ttf
FT_New_Face 6 /Applications/CAJViewerMac.app/Contents/Resources/cajfnta8.ttf
FT_New_Face 6 /Applications/CAJViewerMac.app/Contents/Resources/CAJFNT43.ttf
FT_New_Face 6 /Applications/CAJViewerMac.app/Contents/Resources/CAJFNT57.ttf
FT_New_Face 6 /Applications/CAJViewerMac.app/Contents/Resources/CAJFNT56.ttf
FT_New_Face 6 /Applications/CAJViewerMac.app/Contents/Resources/CAJFNT4D.ttf
FT_New_Face 6 /Applications/CAJViewerMac.app/Contents/Resources/CAJFNT46.ttf
FT_New_Face 6 /Applications/CAJViewerMac.app/Contents/Resources/CAJFNT52.ttf
FT_New_Face 6 /Applications/CAJViewerMac.app/Contents/Resources/CAJFNT5D.ttf
FT_New_Face 6 /Applications/CAJViewerMac.app/Contents/Resources/CAJFNT5E.ttf
FT_New_Face 6 /Applications/CAJViewerMac.app/Contents/Resources/CAJFNT4A.ttf
FT_New_Face 6 /Applications/CAJViewerMac.app/Contents/Resources/CAJFNT53.ttf
FT_New_Face 6 /Applications/CAJViewerMac.app/Contents/Resources/CAJFNT47.ttf
FT_New_Face 6 /Applications/CAJViewerMac.app/Contents/Resources/CAJFNT51.ttf
FT_New_Face 6 /Applications/CAJViewerMac.app/Contents/Resources/cajfntbd.ttf
FT_New_Face 6 /Applications/CAJViewerMac.app/Contents/Resources/CAJFNT45.ttf
FT_New_Face 6 /Applications/CAJViewerMac.app/Contents/Resources/CAJFNT4C.ttf
FT_New_Face 6 /Applications/CAJViewerMac.app/Contents/Resources/CAJFNT4B.ttf
FT_New_Face 6 /Applications/CAJViewerMac.app/Contents/Resources/CAJFNT5F.ttf
FT_New_Face 6 /Applications/CAJViewerMac.app/Contents/Resources/CAJFNT44.ttf
FT_New_Face 6 /Applications/CAJViewerMac.app/Contents/Resources/CAJFNT50.ttf
FT_New_Face 6 /Applications/CAJViewerMac.app/Contents/Resources/CAJFNT2E.ttf
FT_New_Face 6 /Applications/CAJViewerMac.app/Contents/Resources/CAJFNT37.ttf
FT_New_Face 6 /Applications/CAJViewerMac.app/Contents/Resources/CAJFNT23.ttf
FT_New_Face 6 /Applications/CAJViewerMac.app/Contents/Resources/CAJFNT2D.ttf
FT_New_Face 6 /Applications/CAJViewerMac.app/Contents/Resources/CAJFNT2F.ttf
FT_New_Face 6 /Applications/CAJViewerMac.app/Contents/Resources/CAJFNT3B.ttf
FT_New_Face 6 /Applications/CAJViewerMac.app/Contents/Resources/CAJFNT08.ttf
FT_New_Face 6 /Applications/CAJViewerMac.app/Contents/Resources/CAJFNT20.ttf
FT_New_Face 6 /Applications/CAJViewerMac.app/Contents/Resources/CAJFNT34.ttf
FT_New_Face 6 /Applications/CAJViewerMac.app/Contents/Resources/CAJFNT3C.ttf
FT_New_Face 6 /Applications/CAJViewerMac.app/Contents/Resources/CAJFNT31.ttf
FT_New_Face 6 /Applications/CAJViewerMac.app/Contents/Resources/CAJFNT2C.ttf
FT_New_Face 6 /Applications/CAJViewerMac.app/Contents/Resources/CAJFNT3F.ttf
FT_New_Face 6 /Applications/CAJViewerMac.app/Contents/Resources/CAJFNT2B.ttf
FT_New_Face 6 /Applications/CAJViewerMac.app/Contents/Resources/CAJFNT18.ttf
FT_New_Face 6 /Applications/CAJViewerMac.app/Contents/Resources/CAJFNT30.ttf
FT_New_Face 6 /Applications/CAJViewerMac.app/Contents/Resources/CAJFNT24.ttf
FT_New_Face 6 /Applications/CAJViewerMac.app/Contents/Resources/CAJFNT32.ttf
FT_New_Face 6 /Applications/CAJViewerMac.app/Contents/Resources/cajfntdg.ttf
FT_New_Face 6 /Applications/CAJViewerMac.app/Contents/Resources/CAJFNT27.ttf
FT_New_Face 6 /Applications/CAJViewerMac.app/Contents/Resources/CAJFNT33.ttf
FT_New_Face 6 /Applications/CAJViewerMac.app/Contents/Resources/CAJFNT0D.ttf
FT_New_Face 6 /Applications/CAJViewerMac.app/Contents/Resources/CAJFNT16.ttf
FT_New_Face 6 /Applications/CAJViewerMac.app/Contents/Resources/CAJFNT03.ttf
FT_New_Face 6 /Applications/CAJViewerMac.app/Contents/Resources/CAJFNT0E.ttf
FT_New_Face 6 /Applications/CAJViewerMac.app/Contents/Resources/CAJFNT1A.ttf
FT_New_Face 6 /Applications/CAJViewerMac.app/Contents/Resources/cajfntst.ttf
FT_New_Face 6 /Applications/CAJViewerMac.app/Contents/Resources/CAJFNT1C.ttf
FT_New_Face 6 /Applications/CAJViewerMac.app/Contents/Resources/cajnote.ttf
FT_New_Face 6 /Applications/CAJViewerMac.app/Contents/Resources/CAJFNT14.ttf
FT_New_Face 6 /Applications/CAJViewerMac.app/Contents/Resources/CAJFNT00.ttf
FT_New_Face 6 /Applications/CAJViewerMac.app/Contents/Resources/CAJFNT28.ttf
FT_New_Face 6 /Applications/CAJViewerMac.app/Contents/Resources/CAJFNT04.ttf
FT_New_Face 6 /Applications/CAJViewerMac.app/Contents/Resources/CAJFNT10.ttf
FT_New_Face 6 /Applications/CAJViewerMac.app/Contents/Resources/CAJFNT38.ttf
FT_New_Face 6 /Applications/CAJViewerMac.app/Contents/Resources/CAJFNT0B.ttf
FT_New_Face 6 /Applications/CAJViewerMac.app/Contents/Resources/CAJFNT1F.ttf
FT_New_Face 6 /Applications/CAJViewerMac.app/Contents/Resources/CAJFNT0C.ttf
FT_New_Face 6 /Applications/CAJViewerMac.app/Contents/Resources/cajfnthx.ttf
FT_New_Face 6 /Applications/CAJViewerMac.app/Contents/Resources/cajfntra.ttf
FT_New_Face 6 /Applications/CAJViewerMac.app/Contents/Resources/CAJFNT07.ttf
FT_New_Face 6 /Applications/CAJViewerMac.app/Contents/Resources/CAJFNT12.ttf
FT_New_Face 6 /Applications/CAJViewerMac.app/Contents/Resources/cajfntlt.ttf
FT_New_Face 6 /Applications/CAJViewerMac.app/Contents/Resources/CAJFNT49.ttf
FT_New_Face 6 /Applications/CAJViewerMac.app/Contents/Resources/cajfntad.ttf
FT_New_Face 6 /Applications/CAJViewerMac.app/Contents/Resources/CAJFNT60.ttf
FT_New_Face 6 /Applications/CAJViewerMac.app/Contents/Resources/cajfntae.ttf
FT_New_Face 6 /Applications/CAJViewerMac.app/Contents/Resources/CAJFNT6F.ttf
FT_New_Face 6 /Applications/CAJViewerMac.app/Contents/Resources/CAJFNT48.ttf
FT_New_Face 6 /Applications/CAJViewerMac.app/Contents/Resources/CAJFNT6D.ttf
FT_New_Face 6 /Applications/CAJViewerMac.app/Contents/Resources/cajfnta1.ttf
FT_New_Face 6 /Applications/CAJViewerMac.app/Contents/Resources/CAJFNT62.ttf
FT_New_Face 6 /Applications/CAJViewerMac.app/Contents/Resources/cajfttab.ttf
FT_New_Face 6 /Applications/CAJViewerMac.app/Contents/Resources/cajfnta0.ttf
FT_New_Face 6 /Applications/CAJViewerMac.app/Contents/Resources/CAJFNT6E.ttf
FT_New_Face 6 /Applications/CAJViewerMac.app/Contents/Resources/CAJFNT6A.ttf
FT_New_Face 6 /Applications/CAJViewerMac.app/Contents/Resources/cajfnta4.ttf
FT_New_Face 6 /Applications/CAJViewerMac.app/Contents/Resources/cajfntac.ttf
FT_New_Face 6 /Applications/CAJViewerMac.app/Contents/Resources/CAJFNT66.ttf
FT_New_Face 6 /Applications/CAJViewerMac.app/Contents/Resources/cajfntaa.ttf
FT_New_Face 6 /Applications/CAJViewerMac.app/Contents/Resources/cajfntbz.ttf
FT_New_Face 6 /Applications/CAJViewerMac.app/Contents/Resources/CAJFNT64.ttf
FT_New_Face 6 /Applications/CAJViewerMac.app/Contents/Resources/cajfnta7.ttf
FT_New_Face 6 /Applications/CAJViewerMac.app/Contents/Resources/CAJFNT58.ttf
FT_New_Face 6 /Applications/CAJViewerMac.app/Contents/Resources/CAJFNT59.ttf
FT_New_Face 6 /Applications/CAJViewerMac.app/Contents/Resources/CAJFNT6C.ttf
FT_New_Face 6 /Applications/CAJViewerMac.app/Contents/Resources/cajfnta6.ttf
PDF file is damaged - attempting to reconstruct xref table...
command count = 2592
command count = 5
command count = 3
command count = 2592
command count = 5
command count = 3
command count = 2592
command count = 5
command count = 3
command count = 2592
command count = 5
command count = 3
command count = 2592
command count = 5
command count = 3
command count = 2592
command count = 5
command count = 3
command count = 2592
command count = 5
command count = 3
command count = 2592
command count = 5
command count = 3
command count = 2592
command count = 5
command count = 3
command count = 2592
command count = 5
command count = 3
command count = 2592
command count = 5
command count = 3
command count = 1573
command count = 5
command count = 3
command count = 1269
command count = 5
command count = 3
command count = 1905
command count = 5
command count = 3
command count = 1896
command count = 5
command count = 3
command count = 1756
command count = 5
command count = 3
command count = 1744
command count = 5
command count = 3
command count = 1939
command count = 5
command count = 3
command count = 1689
command count = 5
command count = 3
command count = 1396
command count = 5
command count = 3
command count = 3572
command count = 5
command count = 3
command count = 5447
command count = 5
command count = 3
command count = 5408
command count = 5
command count = 3
